<?xml version="1.0" encoding="UTF-8"?>
<!-- Generated by org.testng.reporters.JUnitXMLReporter -->
<testsuite ignored="0" hostname="LAPTOP-FJ3K051I" failures="0" tests="6" name="UserManagement" time="32.265" errors="0" timestamp="12 Mar 2021 08:24:19 GMT">
  <testcase classname="userManagement.SearchUser" name="searchForUser" time="5.112"/>
  <testcase classname="userManagement.SearchUser" name="searchForUser" time="4.671"/>
  <testcase classname="userManagement.SearchUser" name="searchForUser" time="5.26"/>
  <testcase classname="userManagement.EditUser" name="searchForUser" time="6.014"/>
  <testcase classname="userManagement.EditUser" name="searchForUser" time="5.58"/>
  <testcase classname="userManagement.EditUser" name="searchForUser" time="5.497"/>
</testsuite> <!-- UserManagement -->
